Arguments: 
  C:\Program Files\nodejs\node.exe C:\Users\dalci\AppData\Roaming\npm\node_modules\yarn\bin\yarn.js install

PATH: 
  C:\Program Files (x86)\Common Files\Intel\Shared Libraries\redist\intel64\compiler;C:\Windows\system32;C:\Windows;C:\Windows\System32\Wbem;C:\Windows\System32\WindowsPowerShell\v1.0\;C:\Windows\System32\OpenSSH\;C:\ProgramData\chocolatey\bin;C:\Program Files\nodejs\;C:\Program Files\OpenJDK\openjdk-11.0.10_9\bin;C:\Program Files\Git\cmd;C:\Users\dalci\AppData\Local\Android\Sdk\emulator;C:\Users\dalci\AppData\Local\Android\Sdk\tools;C:\Users\dalci\AppData\Local\Android\Sdk\tools\bin;C:\Users\dalci\AppData\Local\Android\Sdk\platform-tools;C:\Users\dalci\AppData\Local\Yarn\bin;C:\Users\dalci\AppData\Local\Microsoft\WindowsApps;C:\Users\dalci\AppData\Roaming\npm;C:\Users\dalci\AppData\Local\Programs\Microsoft VS Code\bin;C:\Program Files\Bandizip\;C:\ffmpeg\bin

Yarn version: 
  1.22.10

Node version: 
  14.16.1

Platform: 
  win32 x64

Trace: 
  Error: https://registry.yarnpkg.com/next: ESOCKETTIMEDOUT
      at ClientRequest.<anonymous> (C:\Users\dalci\AppData\Roaming\npm\node_modules\yarn\lib\cli.js:141289:19)
      at Object.onceWrapper (events.js:421:28)
      at ClientRequest.emit (events.js:315:20)
      at TLSSocket.emitRequestTimeout (_http_client.js:784:9)
      at Object.onceWrapper (events.js:421:28)
      at TLSSocket.emit (events.js:327:22)
      at TLSSocket.Socket._onTimeout (net.js:483:8)
      at listOnTimeout (internal/timers.js:554:17)
      at processTimers (internal/timers.js:497:7)

npm manifest: 
  {
    "name": "abasteca-administrator",
    "version": "0.1.0",
    "private": true,
    "scripts": {
      "dev": "next dev",
      "build": "next build",
      "start": "next start",
      "lint": "eslint '**/*.{js,jsx,ts,tsx}'",
      "prettier": "prettier --write '**/*.{js,jsx,ts,tsx}'"
    },
    "dependencies": {
      "next": "10.2.0",
      "react": "17.0.2",
      "react-dom": "17.0.2",
      "next-compose-plugins": "^2.2.1",
      "bootstrap": "^4.5.3",
      "react-bootstrap": "^1.4.3",
      "styled-components": "^5.2.1",
      "styled-system": "^5.1.5",
      "prettier": "^2.2.1"
    },
    "devDependencies": {
      "@types/node": "^14.14.13",
      "@types/react": "^17.0.0",
      "@types/react-dom": "^17.0.0",
      "typescript": "^4.1.3",
      "babel-plugin-styled-components": "^1.12.0",
      "eslint": "^7.15.0",
      "@typescript-eslint/eslint-plugin": "^4.9.1",
      "@typescript-eslint/parser": "^4.9.1",
      "eslint-config-prettier": "^7.0.0",
      "eslint-plugin-prettier": "^3.2.0",
      "husky": "^4.3.7",
      "lint-staged": "^10.5.3"
    },
    "lint-staged": {
      "*.{js,jsx,ts,tsx}": [
        "npm run lint -- --quiet --fix"
      ]
    },
    "husky": {
      "hooks": {
        "pre-commit": "lint-staged"
      }
    }
  }

yarn manifest: 
  No manifest

Lockfile: 
  No lockfile
